2020-02-11 17:18:30,375  WARN [main] - ScalaProject - Project   has platform default sourceLevel.
2020-02-11 17:18:30,383  WARN [main] - ScalaProject - Project   runs on platform default installation.
2020-02-11 17:18:33,042  WARN [org.scalaide.ui.internal.reconciliation.ScalaReconciler] - ScalaProject - Project   has platform default sourceLevel.
2020-02-11 17:18:33,050  WARN [org.scalaide.ui.internal.reconciliation.ScalaReconciler] - ScalaProject - Project   runs on platform default installation.
2020-02-11 17:18:33,808 ERROR [main] - org.scala-ide.sdt.core - org.scala-ide.sdt.core - org.scala-ide.sdt.core - 0 - scala.reflect.internal.MissingRequirementError: object scala in compiler mirror not found.
2020-02-11 17:18:33,866 ERROR [main] - org.scala-ide.sdt.core - org.scala-ide.sdt.core - org.scala-ide.sdt.core - 0 - scala.reflect.internal.MissingRequirementError: object scala in compiler mirror not found.
2020-02-11 17:18:34,145  WARN [org.scalaide.ui.internal.reconciliation.ScalaReconciler] - ScalaProject - Project   has platform default sourceLevel.
2020-02-11 17:18:34,145  WARN [org.scalaide.ui.internal.reconciliation.ScalaReconciler] - ScalaProject - Project   runs on platform default installation.
2020-02-11 17:18:34,214 ERROR [main] - org.scala-ide.sdt.core - org.scala-ide.sdt.core - org.scala-ide.sdt.core - 0 - scala.reflect.internal.MissingRequirementError: object scala in compiler mirror not found.
2020-02-11 17:18:34,700  WARN [org.scalaide.ui.internal.reconciliation.ScalaReconciler] - ScalaProject - Project   has platform default sourceLevel.
2020-02-11 17:18:34,700  WARN [org.scalaide.ui.internal.reconciliation.ScalaReconciler] - ScalaProject - Project   runs on platform default installation.
2020-02-11 17:18:34,747 ERROR [main] - org.scala-ide.sdt.core - org.scala-ide.sdt.core - org.scala-ide.sdt.core - 0 - scala.reflect.internal.MissingRequirementError: object scala in compiler mirror not found.
2020-02-11 17:18:38,180  WARN [Text Viewer Hover Presenter] - ScalaProject - Project   has platform default sourceLevel.
2020-02-11 17:18:38,180  WARN [Text Viewer Hover Presenter] - ScalaProject - Project   runs on platform default installation.
2020-02-11 17:18:38,227  WARN [Text Viewer Hover Presenter] - ScalaProject - Project   has platform default sourceLevel.
2020-02-11 17:18:38,227  WARN [Text Viewer Hover Presenter] - ScalaProject - Project   runs on platform default installation.
2020-02-11 17:18:38,242 ERROR [main] - org.scala-ide.sdt.core - org.scala-ide.sdt.core - org.scala-ide.sdt.core - 0 - scala.reflect.internal.MissingRequirementError: object scala in compiler mirror not found.
2020-02-11 17:18:38,258 ERROR [main] - org.scala-ide.sdt.core - org.scala-ide.sdt.core - org.scala-ide.sdt.core - 0 - scala.reflect.internal.MissingRequirementError: object scala in compiler mirror not found.
2020-02-11 17:18:51,802  WARN [org.scalaide.ui.internal.reconciliation.ScalaReconciler] - ScalaProject - Project   has platform default sourceLevel.
2020-02-11 17:18:51,802  WARN [org.scalaide.ui.internal.reconciliation.ScalaReconciler] - ScalaProject - Project   runs on platform default installation.
2020-02-11 17:18:51,855 ERROR [main] - org.scala-ide.sdt.core - org.scala-ide.sdt.core - org.scala-ide.sdt.core - 0 - scala.reflect.internal.MissingRequirementError: object scala in compiler mirror not found.
2020-02-11 17:18:52,890  WARN [org.scalaide.ui.internal.reconciliation.ScalaReconciler] - ScalaProject - Project   has platform default sourceLevel.
2020-02-11 17:18:52,890  WARN [org.scalaide.ui.internal.reconciliation.ScalaReconciler] - ScalaProject - Project   runs on platform default installation.
2020-02-11 17:18:52,937 ERROR [main] - org.scala-ide.sdt.core - org.scala-ide.sdt.core - org.scala-ide.sdt.core - 0 - scala.reflect.internal.MissingRequirementError: object scala in compiler mirror not found.
2020-02-11 17:18:53,423  WARN [org.scalaide.ui.internal.reconciliation.ScalaReconciler] - ScalaProject - Project   has platform default sourceLevel.
2020-02-11 17:18:53,423  WARN [org.scalaide.ui.internal.reconciliation.ScalaReconciler] - ScalaProject - Project   runs on platform default installation.
2020-02-11 17:18:53,438 ERROR [main] - org.scala-ide.sdt.core - org.scala-ide.sdt.core - org.scala-ide.sdt.core - 0 - scala.reflect.internal.MissingRequirementError: object scala in compiler mirror not found.
2020-02-11 17:18:53,962  WARN [org.scalaide.ui.internal.reconciliation.ScalaReconciler] - ScalaProject - Project   has platform default sourceLevel.
2020-02-11 17:18:53,962  WARN [org.scalaide.ui.internal.reconciliation.ScalaReconciler] - ScalaProject - Project   runs on platform default installation.
2020-02-11 17:18:54,040 ERROR [main] - org.scala-ide.sdt.core - org.scala-ide.sdt.core - org.scala-ide.sdt.core - 0 - scala.reflect.internal.MissingRequirementError: object scala in compiler mirror not found.
2020-02-11 17:19:19,598  WARN [org.scalaide.ui.internal.reconciliation.ScalaReconciler] - ScalaProject - Project   has platform default sourceLevel.
2020-02-11 17:19:19,598  WARN [org.scalaide.ui.internal.reconciliation.ScalaReconciler] - ScalaProject - Project   runs on platform default installation.
2020-02-11 17:19:19,683 ERROR [main] - org.scala-ide.sdt.core - org.scala-ide.sdt.core - org.scala-ide.sdt.core - 0 - scala.reflect.internal.MissingRequirementError: object scala in compiler mirror not found.
2020-02-11 17:19:20,169  WARN [org.scalaide.ui.internal.reconciliation.ScalaReconciler] - ScalaProject - Project   has platform default sourceLevel.
2020-02-11 17:19:20,169  WARN [org.scalaide.ui.internal.reconciliation.ScalaReconciler] - ScalaProject - Project   runs on platform default installation.
2020-02-11 17:19:20,216 ERROR [main] - org.scala-ide.sdt.core - org.scala-ide.sdt.core - org.scala-ide.sdt.core - 0 - scala.reflect.internal.MissingRequirementError: object scala in compiler mirror not found.
2020-02-11 17:19:51,322  WARN [org.scalaide.ui.internal.reconciliation.ScalaReconciler] - ScalaProject - Project   has platform default sourceLevel.
2020-02-11 17:19:51,322  WARN [org.scalaide.ui.internal.reconciliation.ScalaReconciler] - ScalaProject - Project   runs on platform default installation.
2020-02-11 17:19:51,345 ERROR [main] - org.scala-ide.sdt.core - org.scala-ide.sdt.core - org.scala-ide.sdt.core - 0 - scala.reflect.internal.MissingRequirementError: object scala in compiler mirror not found.
2020-02-11 17:19:51,840  WARN [org.scalaide.ui.internal.reconciliation.ScalaReconciler] - ScalaProject - Project   has platform default sourceLevel.
2020-02-11 17:19:51,840  WARN [org.scalaide.ui.internal.reconciliation.ScalaReconciler] - ScalaProject - Project   runs on platform default installation.
2020-02-11 17:19:51,862 ERROR [main] - org.scala-ide.sdt.core - org.scala-ide.sdt.core - org.scala-ide.sdt.core - 0 - scala.reflect.internal.MissingRequirementError: object scala in compiler mirror not found.
2020-02-11 17:19:55,375  WARN [org.scalaide.ui.internal.reconciliation.ScalaReconciler] - ScalaProject - Project   has platform default sourceLevel.
2020-02-11 17:19:55,375  WARN [org.scalaide.ui.internal.reconciliation.ScalaReconciler] - ScalaProject - Project   runs on platform default installation.
2020-02-11 17:19:55,421 ERROR [main] - org.scala-ide.sdt.core - org.scala-ide.sdt.core - org.scala-ide.sdt.core - 0 - scala.reflect.internal.MissingRequirementError: object scala in compiler mirror not found.
2020-02-11 17:19:55,923  WARN [org.scalaide.ui.internal.reconciliation.ScalaReconciler] - ScalaProject - Project   has platform default sourceLevel.
2020-02-11 17:19:55,923  WARN [org.scalaide.ui.internal.reconciliation.ScalaReconciler] - ScalaProject - Project   runs on platform default installation.
2020-02-11 17:19:55,961 ERROR [main] - org.scala-ide.sdt.core - org.scala-ide.sdt.core - org.scala-ide.sdt.core - 0 - scala.reflect.internal.MissingRequirementError: object scala in compiler mirror not found.
2020-02-11 17:19:58,585  WARN [Text Viewer Hover Presenter] - ScalaProject - Project   has platform default sourceLevel.
2020-02-11 17:19:58,585  WARN [Text Viewer Hover Presenter] - ScalaProject - Project   runs on platform default installation.
2020-02-11 17:19:58,632  WARN [Text Viewer Hover Presenter] - ScalaProject - Project   has platform default sourceLevel.
2020-02-11 17:19:58,632  WARN [Text Viewer Hover Presenter] - ScalaProject - Project   runs on platform default installation.
2020-02-11 17:19:58,663 ERROR [main] - org.scala-ide.sdt.core - org.scala-ide.sdt.core - org.scala-ide.sdt.core - 0 - scala.reflect.internal.MissingRequirementError: object scala in compiler mirror not found.
2020-02-11 17:19:58,670 ERROR [main] - org.scala-ide.sdt.core - org.scala-ide.sdt.core - org.scala-ide.sdt.core - 0 - scala.reflect.internal.MissingRequirementError: object scala in compiler mirror not found.
2020-02-11 17:19:59,049  WARN [scala-execution-context-global-50] - ScalaProject - Project   has platform default sourceLevel.
2020-02-11 17:19:59,049  WARN [scala-execution-context-global-50] - ScalaProject - Project   runs on platform default installation.
2020-02-11 17:19:59,071  WARN [scala-execution-context-global-50] - ScalaProject - Project   has platform default sourceLevel.
2020-02-11 17:19:59,071  WARN [scala-execution-context-global-50] - ScalaProject - Project   runs on platform default installation.
2020-02-11 17:19:59,087  WARN [scala-execution-context-global-50] - ScalaProject - Project   has platform default sourceLevel.
2020-02-11 17:19:59,087  WARN [scala-execution-context-global-50] - ScalaProject - Project   runs on platform default installation.
2020-02-11 17:19:59,102 ERROR [main] - org.scala-ide.sdt.core - org.scala-ide.sdt.core - org.scala-ide.sdt.core - 0 - scala.reflect.internal.MissingRequirementError: object scala in compiler mirror not found.
2020-02-11 17:19:59,118 ERROR [main] - org.scala-ide.sdt.core - org.scala-ide.sdt.core - org.scala-ide.sdt.core - 0 - scala.reflect.internal.MissingRequirementError: object scala in compiler mirror not found.
2020-02-11 17:19:59,118 ERROR [main] - org.scala-ide.sdt.core - org.scala-ide.sdt.core - org.scala-ide.sdt.core - 0 - scala.reflect.internal.MissingRequirementError: object scala in compiler mirror not found.
2020-02-11 17:20:24,603  WARN [org.scalaide.ui.internal.reconciliation.ScalaReconciler] - ScalaProject - Project   has platform default sourceLevel.
2020-02-11 17:20:24,603  WARN [org.scalaide.ui.internal.reconciliation.ScalaReconciler] - ScalaProject - Project   runs on platform default installation.
2020-02-11 17:20:24,650 ERROR [main] - org.scala-ide.sdt.core - org.scala-ide.sdt.core - org.scala-ide.sdt.core - 0 - scala.reflect.internal.MissingRequirementError: object scala in compiler mirror not found.
2020-02-11 17:20:25,136  WARN [org.scalaide.ui.internal.reconciliation.ScalaReconciler] - ScalaProject - Project   has platform default sourceLevel.
2020-02-11 17:20:25,136  WARN [org.scalaide.ui.internal.reconciliation.ScalaReconciler] - ScalaProject - Project   runs on platform default installation.
2020-02-11 17:20:25,174 ERROR [main] - org.scala-ide.sdt.core - org.scala-ide.sdt.core - org.scala-ide.sdt.core - 0 - scala.reflect.internal.MissingRequirementError: object scala in compiler mirror not found.
2020-02-11 17:20:26,678  WARN [org.scalaide.ui.internal.reconciliation.ScalaReconciler] - ScalaProject - Project   has platform default sourceLevel.
2020-02-11 17:20:26,678  WARN [org.scalaide.ui.internal.reconciliation.ScalaReconciler] - ScalaProject - Project   runs on platform default installation.
2020-02-11 17:20:26,710 ERROR [main] - org.scala-ide.sdt.core - org.scala-ide.sdt.core - org.scala-ide.sdt.core - 0 - scala.reflect.internal.MissingRequirementError: object scala in compiler mirror not found.
2020-02-11 17:20:27,196  WARN [org.scalaide.ui.internal.reconciliation.ScalaReconciler] - ScalaProject - Project   has platform default sourceLevel.
2020-02-11 17:20:27,196  WARN [org.scalaide.ui.internal.reconciliation.ScalaReconciler] - ScalaProject - Project   runs on platform default installation.
2020-02-11 17:20:27,227 ERROR [main] - org.scala-ide.sdt.core - org.scala-ide.sdt.core - org.scala-ide.sdt.core - 0 - scala.reflect.internal.MissingRequirementError: object scala in compiler mirror not found.
2020-02-11 17:20:47,787  WARN [org.scalaide.ui.internal.reconciliation.ScalaReconciler] - ScalaProject - Project   has platform default sourceLevel.
2020-02-11 17:20:47,787  WARN [org.scalaide.ui.internal.reconciliation.ScalaReconciler] - ScalaProject - Project   runs on platform default installation.
2020-02-11 17:20:47,810 ERROR [main] - org.scala-ide.sdt.core - org.scala-ide.sdt.core - org.scala-ide.sdt.core - 0 - scala.reflect.internal.MissingRequirementError: object scala in compiler mirror not found.
2020-02-11 17:20:48,311  WARN [org.scalaide.ui.internal.reconciliation.ScalaReconciler] - ScalaProject - Project   has platform default sourceLevel.
2020-02-11 17:20:48,311  WARN [org.scalaide.ui.internal.reconciliation.ScalaReconciler] - ScalaProject - Project   runs on platform default installation.
2020-02-11 17:20:48,358 ERROR [main] - org.scala-ide.sdt.core - org.scala-ide.sdt.core - org.scala-ide.sdt.core - 0 - scala.reflect.internal.MissingRequirementError: object scala in compiler mirror not found.
2020-02-11 17:22:07,104  WARN [org.scalaide.ui.internal.reconciliation.ScalaReconciler] - ScalaProject - Project   has platform default sourceLevel.
2020-02-11 17:22:07,104  WARN [org.scalaide.ui.internal.reconciliation.ScalaReconciler] - ScalaProject - Project   runs on platform default installation.
2020-02-11 17:22:07,151 ERROR [main] - org.scala-ide.sdt.core - org.scala-ide.sdt.core - org.scala-ide.sdt.core - 0 - scala.reflect.internal.MissingRequirementError: object scala in compiler mirror not found.
2020-02-11 17:22:07,637  WARN [org.scalaide.ui.internal.reconciliation.ScalaReconciler] - ScalaProject - Project   has platform default sourceLevel.
2020-02-11 17:22:07,637  WARN [org.scalaide.ui.internal.reconciliation.ScalaReconciler] - ScalaProject - Project   runs on platform default installation.
2020-02-11 17:22:07,675 ERROR [main] - org.scala-ide.sdt.core - org.scala-ide.sdt.core - org.scala-ide.sdt.core - 0 - scala.reflect.internal.MissingRequirementError: object scala in compiler mirror not found.
2020-02-11 17:22:47,314  WARN [org.scalaide.ui.internal.reconciliation.ScalaReconciler] - ScalaProject - Project   has platform default sourceLevel.
2020-02-11 17:22:47,314  WARN [org.scalaide.ui.internal.reconciliation.ScalaReconciler] - ScalaProject - Project   runs on platform default installation.
2020-02-11 17:22:47,715 ERROR [main] - org.scala-ide.sdt.core - org.scala-ide.sdt.core - org.scala-ide.sdt.core - 0 - scala.reflect.internal.MissingRequirementError: object scala in compiler mirror not found.
2020-02-11 17:23:11,516  WARN [main] - ScalaProject - Project   has platform default sourceLevel.
2020-02-11 17:23:11,516  WARN [main] - ScalaProject - Project   runs on platform default installation.
2020-02-11 17:23:15,978 ERROR [main] - org.scala-ide.sdt.core - org.scala-ide.sdt.core - org.scala-ide.sdt.core - 0 - scala.reflect.internal.MissingRequirementError: object scala in compiler mirror not found.
2020-02-11 17:24:13,073  WARN [org.scalaide.ui.internal.reconciliation.ScalaReconciler] - ScalaProject - Project   has platform default sourceLevel.
2020-02-11 17:24:13,073  WARN [org.scalaide.ui.internal.reconciliation.ScalaReconciler] - ScalaProject - Project   runs on platform default installation.
2020-02-11 17:24:13,127 ERROR [main] - org.scala-ide.sdt.core - org.scala-ide.sdt.core - org.scala-ide.sdt.core - 0 - scala.reflect.internal.MissingRequirementError: object scala in compiler mirror not found.
2020-02-11 17:24:13,630  WARN [org.scalaide.ui.internal.reconciliation.ScalaReconciler] - ScalaProject - Project   has platform default sourceLevel.
2020-02-11 17:24:13,630  WARN [org.scalaide.ui.internal.reconciliation.ScalaReconciler] - ScalaProject - Project   runs on platform default installation.
2020-02-11 17:24:13,670 ERROR [main] - org.scala-ide.sdt.core - org.scala-ide.sdt.core - org.scala-ide.sdt.core - 0 - scala.reflect.internal.MissingRequirementError: object scala in compiler mirror not found.
2020-02-11 17:24:54,329  WARN [org.scalaide.ui.internal.reconciliation.ScalaReconciler] - ScalaProject - Project   has platform default sourceLevel.
2020-02-11 17:24:54,329  WARN [org.scalaide.ui.internal.reconciliation.ScalaReconciler] - ScalaProject - Project   runs on platform default installation.
2020-02-11 17:24:54,362 ERROR [main] - org.scala-ide.sdt.core - org.scala-ide.sdt.core - org.scala-ide.sdt.core - 0 - scala.reflect.internal.MissingRequirementError: object scala in compiler mirror not found.
2020-02-11 17:24:54,864  WARN [org.scalaide.ui.internal.reconciliation.ScalaReconciler] - ScalaProject - Project   has platform default sourceLevel.
2020-02-11 17:24:54,864  WARN [org.scalaide.ui.internal.reconciliation.ScalaReconciler] - ScalaProject - Project   runs on platform default installation.
2020-02-11 17:24:54,926 ERROR [main] - org.scala-ide.sdt.core - org.scala-ide.sdt.core - org.scala-ide.sdt.core - 0 - scala.reflect.internal.MissingRequirementError: object scala in compiler mirror not found.
2020-02-11 17:26:05,386  WARN [org.scalaide.ui.internal.reconciliation.ScalaReconciler] - ScalaProject - Project   has platform default sourceLevel.
2020-02-11 17:26:05,386  WARN [org.scalaide.ui.internal.reconciliation.ScalaReconciler] - ScalaProject - Project   runs on platform default installation.
2020-02-11 17:26:05,439 ERROR [main] - org.scala-ide.sdt.core - org.scala-ide.sdt.core - org.scala-ide.sdt.core - 0 - scala.reflect.internal.MissingRequirementError: object scala in compiler mirror not found.
2020-02-11 17:26:05,926  WARN [org.scalaide.ui.internal.reconciliation.ScalaReconciler] - ScalaProject - Project   has platform default sourceLevel.
2020-02-11 17:26:05,926  WARN [org.scalaide.ui.internal.reconciliation.ScalaReconciler] - ScalaProject - Project   runs on platform default installation.
2020-02-11 17:26:05,973 ERROR [main] - org.scala-ide.sdt.core - org.scala-ide.sdt.core - org.scala-ide.sdt.core - 0 - scala.reflect.internal.MissingRequirementError: object scala in compiler mirror not found.
2020-02-11 17:26:28,045  WARN [org.scalaide.ui.internal.reconciliation.ScalaReconciler] - ScalaProject - Project   has platform default sourceLevel.
2020-02-11 17:26:28,045  WARN [org.scalaide.ui.internal.reconciliation.ScalaReconciler] - ScalaProject - Project   runs on platform default installation.
2020-02-11 17:26:28,083 ERROR [main] - org.scala-ide.sdt.core - org.scala-ide.sdt.core - org.scala-ide.sdt.core - 0 - scala.reflect.internal.MissingRequirementError: object scala in compiler mirror not found.
2020-02-11 17:26:28,569  WARN [org.scalaide.ui.internal.reconciliation.ScalaReconciler] - ScalaProject - Project   has platform default sourceLevel.
2020-02-11 17:26:28,569  WARN [org.scalaide.ui.internal.reconciliation.ScalaReconciler] - ScalaProject - Project   runs on platform default installation.
2020-02-11 17:26:28,616 ERROR [main] - org.scala-ide.sdt.core - org.scala-ide.sdt.core - org.scala-ide.sdt.core - 0 - scala.reflect.internal.MissingRequirementError: object scala in compiler mirror not found.
2020-02-11 17:26:48,690  WARN [org.scalaide.ui.internal.reconciliation.ScalaReconciler] - ScalaProject - Project   has platform default sourceLevel.
2020-02-11 17:26:48,690  WARN [org.scalaide.ui.internal.reconciliation.ScalaReconciler] - ScalaProject - Project   runs on platform default installation.
2020-02-11 17:26:48,737 ERROR [main] - org.scala-ide.sdt.core - org.scala-ide.sdt.core - org.scala-ide.sdt.core - 0 - scala.reflect.internal.MissingRequirementError: object scala in compiler mirror not found.
2020-02-11 17:26:49,223  WARN [org.scalaide.ui.internal.reconciliation.ScalaReconciler] - ScalaProject - Project   has platform default sourceLevel.
2020-02-11 17:26:49,223  WARN [org.scalaide.ui.internal.reconciliation.ScalaReconciler] - ScalaProject - Project   runs on platform default installation.
2020-02-11 17:26:49,292 ERROR [main] - org.scala-ide.sdt.core - org.scala-ide.sdt.core - org.scala-ide.sdt.core - 0 - scala.reflect.internal.MissingRequirementError: object scala in compiler mirror not found.
2020-02-11 17:26:54,834  WARN [org.scalaide.ui.internal.reconciliation.ScalaReconciler] - ScalaProject - Project   has platform default sourceLevel.
2020-02-11 17:26:54,834  WARN [org.scalaide.ui.internal.reconciliation.ScalaReconciler] - ScalaProject - Project   runs on platform default installation.
2020-02-11 17:26:55,382 ERROR [main] - org.scala-ide.sdt.core - org.scala-ide.sdt.core - org.scala-ide.sdt.core - 0 - scala.reflect.internal.MissingRequirementError: object scala in compiler mirror not found.
2020-02-11 17:27:33,020  WARN [main] - ScalaProject - Project   has platform default sourceLevel.
2020-02-11 17:27:33,020  WARN [main] - ScalaProject - Project   runs on platform default installation.
2020-02-11 17:27:35,828  WARN [org.scalaide.ui.internal.reconciliation.ScalaReconciler] - ScalaProject - Project   has platform default sourceLevel.
2020-02-11 17:27:35,828  WARN [org.scalaide.ui.internal.reconciliation.ScalaReconciler] - ScalaProject - Project   runs on platform default installation.
2020-02-11 17:27:37,267  WARN [Text Viewer Hover Presenter] - ScalaProject - Project   has platform default sourceLevel.
2020-02-11 17:27:37,277  WARN [Text Viewer Hover Presenter] - ScalaProject - Project   runs on platform default installation.
2020-02-11 17:27:37,315  WARN [Text Viewer Hover Presenter] - ScalaProject - Project   has platform default sourceLevel.
2020-02-11 17:27:37,315  WARN [Text Viewer Hover Presenter] - ScalaProject - Project   runs on platform default installation.
2020-02-11 17:27:37,327 ERROR [main] - org.scala-ide.sdt.core - org.scala-ide.sdt.core - org.scala-ide.sdt.core - 0 - scala.reflect.internal.MissingRequirementError: object scala in compiler mirror not found.
2020-02-11 17:27:37,378 ERROR [main] - org.scala-ide.sdt.core - org.scala-ide.sdt.core - org.scala-ide.sdt.core - 0 - scala.reflect.internal.MissingRequirementError: object scala in compiler mirror not found.
2020-02-11 17:27:37,489 ERROR [main] - org.scala-ide.sdt.core - org.scala-ide.sdt.core - org.scala-ide.sdt.core - 0 - scala.reflect.internal.MissingRequirementError: object scala in compiler mirror not found.
2020-02-11 17:27:37,539 ERROR [main] - org.scala-ide.sdt.core - org.scala-ide.sdt.core - org.scala-ide.sdt.core - 0 - scala.reflect.internal.MissingRequirementError: object scala in compiler mirror not found.
2020-02-11 17:28:24,253  WARN [org.scalaide.ui.internal.reconciliation.ScalaReconciler] - ScalaProject - Project   has platform default sourceLevel.
2020-02-11 17:28:24,253  WARN [org.scalaide.ui.internal.reconciliation.ScalaReconciler] - ScalaProject - Project   runs on platform default installation.
2020-02-11 17:28:24,306 ERROR [main] - org.scala-ide.sdt.core - org.scala-ide.sdt.core - org.scala-ide.sdt.core - 0 - scala.reflect.internal.MissingRequirementError: object scala in compiler mirror not found.
2020-02-11 17:28:24,792  WARN [org.scalaide.ui.internal.reconciliation.ScalaReconciler] - ScalaProject - Project   has platform default sourceLevel.
2020-02-11 17:28:24,792  WARN [org.scalaide.ui.internal.reconciliation.ScalaReconciler] - ScalaProject - Project   runs on platform default installation.
2020-02-11 17:28:24,839 ERROR [main] - org.scala-ide.sdt.core - org.scala-ide.sdt.core - org.scala-ide.sdt.core - 0 - scala.reflect.internal.MissingRequirementError: object scala in compiler mirror not found.
2020-02-11 17:28:25,325  WARN [org.scalaide.ui.internal.reconciliation.ScalaReconciler] - ScalaProject - Project   has platform default sourceLevel.
2020-02-11 17:28:25,325  WARN [org.scalaide.ui.internal.reconciliation.ScalaReconciler] - ScalaProject - Project   runs on platform default installation.
2020-02-11 17:28:25,457 ERROR [main] - org.scala-ide.sdt.core - org.scala-ide.sdt.core - org.scala-ide.sdt.core - 0 - scala.reflect.internal.MissingRequirementError: object scala in compiler mirror not found.
2020-02-11 17:28:25,858  WARN [org.scalaide.ui.internal.reconciliation.ScalaReconciler] - ScalaProject - Project   has platform default sourceLevel.
2020-02-11 17:28:25,858  WARN [org.scalaide.ui.internal.reconciliation.ScalaReconciler] - ScalaProject - Project   runs on platform default installation.
2020-02-11 17:28:25,911 ERROR [main] - org.scala-ide.sdt.core - org.scala-ide.sdt.core - org.scala-ide.sdt.core - 0 - scala.reflect.internal.MissingRequirementError: object scala in compiler mirror not found.
2020-02-11 17:28:52,521  WARN [org.scalaide.ui.internal.reconciliation.ScalaReconciler] - ScalaProject - Project   has platform default sourceLevel.
2020-02-11 17:28:52,521  WARN [org.scalaide.ui.internal.reconciliation.ScalaReconciler] - ScalaProject - Project   runs on platform default installation.
2020-02-11 17:28:52,567 ERROR [main] - org.scala-ide.sdt.core - org.scala-ide.sdt.core - org.scala-ide.sdt.core - 0 - scala.reflect.internal.MissingRequirementError: object scala in compiler mirror not found.
2020-02-11 17:28:53,053  WARN [org.scalaide.ui.internal.reconciliation.ScalaReconciler] - ScalaProject - Project   has platform default sourceLevel.
2020-02-11 17:28:53,053  WARN [org.scalaide.ui.internal.reconciliation.ScalaReconciler] - ScalaProject - Project   runs on platform default installation.
2020-02-11 17:28:53,122 ERROR [main] - org.scala-ide.sdt.core - org.scala-ide.sdt.core - org.scala-ide.sdt.core - 0 - scala.reflect.internal.MissingRequirementError: object scala in compiler mirror not found.
2020-02-11 17:29:10,673  WARN [org.scalaide.ui.internal.reconciliation.ScalaReconciler] - ScalaProject - Project   has platform default sourceLevel.
2020-02-11 17:29:10,673  WARN [org.scalaide.ui.internal.reconciliation.ScalaReconciler] - ScalaProject - Project   runs on platform default installation.
2020-02-11 17:29:10,742 ERROR [main] - org.scala-ide.sdt.core - org.scala-ide.sdt.core - org.scala-ide.sdt.core - 0 - scala.reflect.internal.MissingRequirementError: object scala in compiler mirror not found.
2020-02-11 17:29:11,222  WARN [org.scalaide.ui.internal.reconciliation.ScalaReconciler] - ScalaProject - Project   has platform default sourceLevel.
2020-02-11 17:29:11,222  WARN [org.scalaide.ui.internal.reconciliation.ScalaReconciler] - ScalaProject - Project   runs on platform default installation.
2020-02-11 17:29:11,275 ERROR [main] - org.scala-ide.sdt.core - org.scala-ide.sdt.core - org.scala-ide.sdt.core - 0 - scala.reflect.internal.MissingRequirementError: object scala in compiler mirror not found.
2020-02-11 17:29:15,102  WARN [Text Viewer Hover Presenter] - ScalaProject - Project   has platform default sourceLevel.
2020-02-11 17:29:15,102  WARN [Text Viewer Hover Presenter] - ScalaProject - Project   runs on platform default installation.
2020-02-11 17:29:15,140  WARN [Text Viewer Hover Presenter] - ScalaProject - Project   has platform default sourceLevel.
2020-02-11 17:29:15,156  WARN [Text Viewer Hover Presenter] - ScalaProject - Project   runs on platform default installation.
2020-02-11 17:29:15,156 ERROR [main] - org.scala-ide.sdt.core - org.scala-ide.sdt.core - org.scala-ide.sdt.core - 0 - scala.reflect.internal.MissingRequirementError: object scala in compiler mirror not found.
2020-02-11 17:29:15,171 ERROR [main] - org.scala-ide.sdt.core - org.scala-ide.sdt.core - org.scala-ide.sdt.core - 0 - scala.reflect.internal.MissingRequirementError: object scala in compiler mirror not found.
2020-02-11 17:29:15,303  WARN [org.scalaide.ui.internal.reconciliation.ScalaReconciler] - ScalaProject - Project   has platform default sourceLevel.
2020-02-11 17:29:15,303  WARN [org.scalaide.ui.internal.reconciliation.ScalaReconciler] - ScalaProject - Project   runs on platform default installation.
2020-02-11 17:29:15,341 ERROR [main] - org.scala-ide.sdt.core - org.scala-ide.sdt.core - org.scala-ide.sdt.core - 0 - scala.reflect.internal.MissingRequirementError: object scala in compiler mirror not found.
2020-02-11 17:29:15,858  WARN [org.scalaide.ui.internal.reconciliation.ScalaReconciler] - ScalaProject - Project   has platform default sourceLevel.
2020-02-11 17:29:15,858  WARN [org.scalaide.ui.internal.reconciliation.ScalaReconciler] - ScalaProject - Project   runs on platform default installation.
2020-02-11 17:29:15,874 ERROR [main] - org.scala-ide.sdt.core - org.scala-ide.sdt.core - org.scala-ide.sdt.core - 0 - scala.reflect.internal.MissingRequirementError: object scala in compiler mirror not found.
2020-02-11 17:30:16,146  WARN [org.scalaide.ui.internal.reconciliation.ScalaReconciler] - ScalaProject - Project   has platform default sourceLevel.
2020-02-11 17:30:16,146  WARN [org.scalaide.ui.internal.reconciliation.ScalaReconciler] - ScalaProject - Project   runs on platform default installation.
2020-02-11 17:30:16,190 ERROR [main] - org.scala-ide.sdt.core - org.scala-ide.sdt.core - org.scala-ide.sdt.core - 0 - scala.reflect.internal.MissingRequirementError: object scala in compiler mirror not found.
2020-02-11 17:30:16,690  WARN [org.scalaide.ui.internal.reconciliation.ScalaReconciler] - ScalaProject - Project   has platform default sourceLevel.
2020-02-11 17:30:16,690  WARN [org.scalaide.ui.internal.reconciliation.ScalaReconciler] - ScalaProject - Project   runs on platform default installation.
2020-02-11 17:30:16,726 ERROR [main] - org.scala-ide.sdt.core - org.scala-ide.sdt.core - org.scala-ide.sdt.core - 0 - scala.reflect.internal.MissingRequirementError: object scala in compiler mirror not found.
2020-02-11 17:30:21,261  WARN [org.scalaide.ui.internal.reconciliation.ScalaReconciler] - ScalaProject - Project   has platform default sourceLevel.
2020-02-11 17:30:21,261  WARN [org.scalaide.ui.internal.reconciliation.ScalaReconciler] - ScalaProject - Project   runs on platform default installation.
2020-02-11 17:30:21,308 ERROR [main] - org.scala-ide.sdt.core - org.scala-ide.sdt.core - org.scala-ide.sdt.core - 0 - scala.reflect.internal.MissingRequirementError: object scala in compiler mirror not found.
2020-02-11 17:30:21,794  WARN [org.scalaide.ui.internal.reconciliation.ScalaReconciler] - ScalaProject - Project   has platform default sourceLevel.
2020-02-11 17:30:21,794  WARN [org.scalaide.ui.internal.reconciliation.ScalaReconciler] - ScalaProject - Project   runs on platform default installation.
2020-02-11 17:30:21,847 ERROR [main] - org.scala-ide.sdt.core - org.scala-ide.sdt.core - org.scala-ide.sdt.core - 0 - scala.reflect.internal.MissingRequirementError: object scala in compiler mirror not found.
2020-02-11 17:34:26,758  WARN [org.scalaide.ui.internal.reconciliation.ScalaReconciler] - ScalaProject - Project   has platform default sourceLevel.
2020-02-11 17:34:26,758  WARN [org.scalaide.ui.internal.reconciliation.ScalaReconciler] - ScalaProject - Project   runs on platform default installation.
2020-02-11 17:34:26,789 ERROR [main] - org.scala-ide.sdt.core - org.scala-ide.sdt.core - org.scala-ide.sdt.core - 0 - scala.reflect.internal.MissingRequirementError: object scala in compiler mirror not found.
2020-02-11 17:34:27,291  WARN [org.scalaide.ui.internal.reconciliation.ScalaReconciler] - ScalaProject - Project   has platform default sourceLevel.
2020-02-11 17:34:27,291  WARN [org.scalaide.ui.internal.reconciliation.ScalaReconciler] - ScalaProject - Project   runs on platform default installation.
2020-02-11 17:34:27,337 ERROR [main] - org.scala-ide.sdt.core - org.scala-ide.sdt.core - org.scala-ide.sdt.core - 0 - scala.reflect.internal.MissingRequirementError: object scala in compiler mirror not found.
2020-02-11 17:39:02,577  WARN [org.scalaide.ui.internal.reconciliation.ScalaReconciler] - ScalaProject - Project   has platform default sourceLevel.
2020-02-11 17:39:02,577  WARN [org.scalaide.ui.internal.reconciliation.ScalaReconciler] - ScalaProject - Project   runs on platform default installation.
2020-02-11 17:39:02,623 ERROR [main] - org.scala-ide.sdt.core - org.scala-ide.sdt.core - org.scala-ide.sdt.core - 0 - scala.reflect.internal.MissingRequirementError: object scala in compiler mirror not found.
2020-02-11 17:39:03,110  WARN [org.scalaide.ui.internal.reconciliation.ScalaReconciler] - ScalaProject - Project   has platform default sourceLevel.
2020-02-11 17:39:03,110  WARN [org.scalaide.ui.internal.reconciliation.ScalaReconciler] - ScalaProject - Project   runs on platform default installation.
2020-02-11 17:39:03,163 ERROR [main] - org.scala-ide.sdt.core - org.scala-ide.sdt.core - org.scala-ide.sdt.core - 0 - scala.reflect.internal.MissingRequirementError: object scala in compiler mirror not found.
2020-02-11 17:39:06,653  WARN [org.scalaide.ui.internal.reconciliation.ScalaReconciler] - ScalaProject - Project   has platform default sourceLevel.
2020-02-11 17:39:06,653  WARN [org.scalaide.ui.internal.reconciliation.ScalaReconciler] - ScalaProject - Project   runs on platform default installation.
2020-02-11 17:39:06,690 ERROR [main] - org.scala-ide.sdt.core - org.scala-ide.sdt.core - org.scala-ide.sdt.core - 0 - scala.reflect.internal.MissingRequirementError: object scala in compiler mirror not found.
2020-02-11 17:39:07,192  WARN [org.scalaide.ui.internal.reconciliation.ScalaReconciler] - ScalaProject - Project   has platform default sourceLevel.
2020-02-11 17:39:07,192  WARN [org.scalaide.ui.internal.reconciliation.ScalaReconciler] - ScalaProject - Project   runs on platform default installation.
2020-02-11 17:39:07,239 ERROR [main] - org.scala-ide.sdt.core - org.scala-ide.sdt.core - org.scala-ide.sdt.core - 0 - scala.reflect.internal.MissingRequirementError: object scala in compiler mirror not found.
2020-02-11 17:39:09,731  WARN [org.scalaide.ui.internal.reconciliation.ScalaReconciler] - ScalaProject - Project   has platform default sourceLevel.
2020-02-11 17:39:09,731  WARN [org.scalaide.ui.internal.reconciliation.ScalaReconciler] - ScalaProject - Project   runs on platform default installation.
2020-02-11 17:39:10,146 ERROR [main] - org.scala-ide.sdt.core - org.scala-ide.sdt.core - org.scala-ide.sdt.core - 0 - scala.reflect.internal.MissingRequirementError: object scala in compiler mirror not found.
